<?xml version="1.0" encoding="UTF-8"?>
<!-- Generated by org.testng.reporters.JUnitXMLReporter -->
<testsuite ignored="0" hostname="Harry" failures="0" tests="3" name="Test" time="44.449" errors="0" timestamp="2023-06-29T14:59:30 IST">
  <testcase classname="com.POMTestScripts.CreateProductTest" name="createprd" time="0.025"/>
  <testcase classname="com.POMTestScripts.ModifyProductTest" name="modifyprd" time="0.0"/>
  <testcase classname="com.POMTestScripts.DeleteProductTest" name="regprd" time="0.005"/>
</testsuite> <!-- Test -->
