<?xml version="1.0" encoding="UTF-8"?>
<!-- Generated by org.testng.reporters.JUnitXMLReporter -->
<testsuite ignored="0" hostname="Harry" failures="0" tests="4" name="Test" time="36.956" errors="0" timestamp="2023-06-19T17:24:23 IST">
  <testcase classname="com.POMTestScripts.ValidateReigterTest" name="validateregister" time="8.255"/>
  <testcase classname="com.POMTestScripts.ValidateReigterTest" name="validateregister" time="6.647"/>
  <testcase classname="com.POMTestScripts.ValidateReigterTest" name="validateregister" time="5.905"/>
  <testcase classname="com.POMTestScripts.ValidloginTest" name="validatelogin" time="3.663"/>
</testsuite> <!-- Test -->
