<?xml version="1.0" encoding="UTF-8"?>
<testng-results ignored="0" total="1" passed="1" failed="0" skipped="0">
  <reporter-output>
  </reporter-output>
  <suite started-at="2023-06-20T16:45:26 IST" name="Default suite" finished-at="2023-06-20T16:45:47 IST" duration-ms="20494">
    <groups>
    </groups>
    <test started-at="2023-06-20T16:45:26 IST" name="Default test" finished-at="2023-06-20T16:45:47 IST" duration-ms="20494">
      <class name="com.POMTestScripts.ValidloginTest">
        <test-method is-config="true" signature="Browser_setup()[pri:0, instance:com.POMTestScripts.ValidloginTest@1139b2f3]" started-at="2023-06-20T16:45:26 IST" name="Browser_setup" finished-at="2023-06-20T16:45:43 IST" duration-ms="16671" status="PASS">
          <reporter-output>
          </reporter-output>
        </test-method> <!-- Browser_setup -->
        <test-method signature="validatelogin(java.lang.String,java.lang.String)[pri:2, instance:com.POMTestScripts.ValidloginTest@1139b2f3]" started-at="2023-06-20T16:45:43 IST" name="validatelogin" data-provider="lgnData" finished-at="2023-06-20T16:45:46 IST" duration-ms="3183" status="PASS">
          <params>
            <param index="0">
              <value>
                <![CDATA[qspiders8@gmail.com]]>
              </value>
            </param>
            <param index="1">
              <value>
                <![CDATA[qsp123]]>
              </value>
            </param>
          </params>
          <reporter-output>
          </reporter-output>
        </test-method> <!-- validatelogin -->
        <test-method is-config="true" signature="Browser_terminate()[pri:0, instance:com.POMTestScripts.ValidloginTest@1139b2f3]" started-at="2023-06-20T16:45:46 IST" name="Browser_terminate" finished-at="2023-06-20T16:45:47 IST" duration-ms="463" status="PASS">
          <reporter-output>
          </reporter-output>
        </test-method> <!-- Browser_terminate -->
      </class> <!-- com.POMTestScripts.ValidloginTest -->
    </test> <!-- Default test -->
  </suite> <!-- Default suite -->
</testng-results>
