<?xml version="1.0" encoding="UTF-8"?>
<testng-results ignored="0" total="1" passed="1" failed="0" skipped="0">
  <reporter-output>
  </reporter-output>
  <suite started-at="2023-08-01T14:58:34 IST" name="Default suite" finished-at="2023-08-01T14:58:45 IST" duration-ms="10446">
    <groups>
    </groups>
    <test started-at="2023-08-01T14:58:34 IST" name="Default test" finished-at="2023-08-01T14:58:45 IST" duration-ms="10446">
      <class name="com.OFOS_script.TC002_verifylogin">
        <test-method is-config="true" signature="Browser_setup(java.lang.String)[pri:0, instance:com.OFOS_script.TC002_verifylogin@76508ed1]" started-at="2023-08-01T14:58:34 IST" name="Browser_setup" finished-at="2023-08-01T14:58:44 IST" duration-ms="10057" status="PASS">
          <params>
            <param index="0">
              <value>
                <![CDATA[chrome]]>
              </value>
            </param>
          </params>
          <reporter-output>
          </reporter-output>
        </test-method> <!-- Browser_setup -->
        <test-method signature="verifyLogin()[pri:0, instance:com.OFOS_script.TC002_verifylogin@76508ed1]" started-at="2023-08-01T14:58:44 IST" name="verifyLogin" finished-at="2023-08-01T14:58:44 IST" duration-ms="20" status="PASS">
          <reporter-output>
          </reporter-output>
        </test-method> <!-- verifyLogin -->
        <test-method is-config="true" signature="Browser_terminate()[pri:0, instance:com.OFOS_script.TC002_verifylogin@76508ed1]" started-at="2023-08-01T14:58:45 IST" name="Browser_terminate" finished-at="2023-08-01T14:58:45 IST" duration-ms="169" status="PASS">
          <reporter-output>
          </reporter-output>
        </test-method> <!-- Browser_terminate -->
      </class> <!-- com.OFOS_script.TC002_verifylogin -->
    </test> <!-- Default test -->
  </suite> <!-- Default suite -->
</testng-results>
